{
  "stats": {
    "suites": 193,
    "tests": 186,
    "passes": 160,
    "pending": 0,
    "failures": 26,
    "start": "2022-07-10T10:35:07.953Z",
    "end": "2022-07-10T10:35:11.940Z",
    "duration": 3987,
    "testsRegistered": 186,
    "passPercent": 86.02150537634408,
    "pendingPercent": 0,
    "other": 0,
    "hasOther": false,
    "skipped": 0,
    "hasSkipped": false
  },
  "results": [
    {
      "uuid": "3f0a6bb4-ca51-471c-ad4e-8ee2bed3be26",
      "title": "",
      "fullFile": "",
      "file": "",
      "beforeHooks": [],
      "afterHooks": [],
      "tests": [],
      "suites": [
        {
          "uuid": "6dc5656b-994b-4682-8448-ff633a87ea9f",
          "title": "Test CR1 Item",
          "fullFile": "C:\\Users\\shado\\OneDrive\\Documents\\Magistrale\\lm\\se\\proj\\group38\\EzWh\\code\\server\\acceptanceTest\\testEzWhAPI.js",
          "file": "\\acceptanceTest\\testEzWhAPI.js",
          "beforeHooks": [],
          "afterHooks": [],
          "tests": [],
          "suites": [
            {
              "uuid": "e3be20df-caaa-455b-9a73-4295c6dfeb39",
              "title": "Removing all Items",
              "fullFile": "C:\\Users\\shado\\OneDrive\\Documents\\Magistrale\\lm\\se\\proj\\group38\\EzWh\\code\\server\\acceptanceTest\\testEzWhAPI.js",
              "file": "\\acceptanceTest\\testEzWhAPI.js",
              "beforeHooks": [],
              "afterHooks": [],
              "tests": [
                {
                  "title": "get /api/items/",
                  "fullTitle": "Test CR1 Item Removing all Items get /api/items/",
                  "timedOut": false,
                  "duration": 38,
                  "state": "passed",
                  "speed": "medium",
                  "pass": true,
                  "fail": false,
                  "pending": false,
                  "context": null,
                  "code": "const res = await agent.get('/api/items');\nconsole.log(res.body);\nres.should.have.status(200);\nif(res.body.length !==0) {\n    let res2;\n    for (let i = 0; i< res.body.length; i++){\n        res2 = await\n        agent.delete('/api/items/'+res.body[i].id+'/'+res.body[i].supplierId);\n        res2.should.have.status(204);\n        console.log(\"Deleted \" + res.body[i].id + \" by supplier \"+ res.body[i].supplierId);\n    }\n}",
                  "err": {},
                  "uuid": "f359552c-a461-432f-829d-93a3471cf861",
                  "parentUUID": "e3be20df-caaa-455b-9a73-4295c6dfeb39",
                  "isHook": false,
                  "skipped": false
                }
              ],
              "suites": [],
              "passes": [
                "f359552c-a461-432f-829d-93a3471cf861"
              ],
              "failures": [],
              "pending": [],
              "skipped": [],
              "duration": 38,
              "root": false,
              "rootEmpty": false,
              "_timeout": 30000
            },
            {
              "uuid": "cbf28203-c445-4b61-8377-c122e2b8e713",
              "title": "Get all items",
              "fullFile": "C:\\Users\\shado\\OneDrive\\Documents\\Magistrale\\lm\\se\\proj\\group38\\EzWh\\code\\server\\acceptanceTest\\testEzWhAPI.js",
              "file": "\\acceptanceTest\\testEzWhAPI.js",
              "beforeHooks": [],
              "afterHooks": [],
              "tests": [
                {
                  "title": "get /api/items/",
                  "fullTitle": "Test CR1 Item Get all items get /api/items/",
                  "timedOut": false,
                  "duration": 14,
                  "state": "passed",
                  "speed": "fast",
                  "pass": true,
                  "fail": false,
                  "pending": false,
                  "context": null,
                  "code": "agent.get('/api/items')\n.then(function(res){\n    console.log(res.body);\n    res.should.have.status(expCode);\n    res.body.should.be.a('array');\n    res.body.length.should.be.equal(size);\n    done();\n}).catch(err => done(err));",
                  "err": {},
                  "uuid": "ddd0234c-aec2-4d66-a2e0-6cd6c3895018",
                  "parentUUID": "cbf28203-c445-4b61-8377-c122e2b8e713",
                  "isHook": false,
                  "skipped": false
                }
              ],
              "suites": [],
              "passes": [
                "ddd0234c-aec2-4d66-a2e0-6cd6c3895018"
              ],
              "failures": [],
              "pending": [],
              "skipped": [],
              "duration": 14,
              "root": false,
              "rootEmpty": false,
              "_timeout": 30000
            },
            {
              "uuid": "715df346-9b0e-442a-a9a0-0feafa94e5db",
              "title": "removing all skuitems",
              "fullFile": "C:\\Users\\shado\\OneDrive\\Documents\\Magistrale\\lm\\se\\proj\\group38\\EzWh\\code\\server\\acceptanceTest\\testEzWhAPI.js",
              "file": "\\acceptanceTest\\testEzWhAPI.js",
              "beforeHooks": [],
              "afterHooks": [],
              "tests": [
                {
                  "title": "Getting SKUitems",
                  "fullTitle": "Test CR1 Item removing all skuitems Getting SKUitems",
                  "timedOut": false,
                  "duration": 11,
                  "state": "passed",
                  "speed": "fast",
                  "pass": true,
                  "fail": false,
                  "pending": false,
                  "context": null,
                  "code": "const res = await agent.get('/api/skuitems');\nconsole.log(res.body);\nres.should.have.status(200);\nif (res.body.length !==0) {\n    let res2;\n    for (let i = 0; i < res.body.length; i++) {\n        res2 = await\n        agent.delete('/api/skuitems/'+res.body[i].RFID);\n        res2.should.have.status(204);\n        console.log(\"Deleted \"+ res.body[i].RFID);\n    }\n}\nconsole.log(\"done!\");",
                  "err": {},
                  "uuid": "735c9e2d-afe7-443a-a8db-8f94ad10d1b7",
                  "parentUUID": "715df346-9b0e-442a-a9a0-0feafa94e5db",
                  "isHook": false,
                  "skipped": false
                }
              ],
              "suites": [],
              "passes": [
                "735c9e2d-afe7-443a-a8db-8f94ad10d1b7"
              ],
              "failures": [],
              "pending": [],
              "skipped": [],
              "duration": 11,
              "root": false,
              "rootEmpty": false,
              "_timeout": 30000
            },
            {
              "uuid": "e1315da8-b82b-461c-8b27-090563d07a51",
              "title": "get /api/skuitems",
              "fullFile": "C:\\Users\\shado\\OneDrive\\Documents\\Magistrale\\lm\\se\\proj\\group38\\EzWh\\code\\server\\acceptanceTest\\testEzWhAPI.js",
              "file": "\\acceptanceTest\\testEzWhAPI.js",
              "beforeHooks": [],
              "afterHooks": [],
              "tests": [
                {
                  "title": "Getting SKUitems",
                  "fullTitle": "Test CR1 Item get /api/skuitems Getting SKUitems",
                  "timedOut": false,
                  "duration": 10,
                  "state": "passed",
                  "speed": "fast",
                  "pass": true,
                  "fail": false,
                  "pending": false,
                  "context": null,
                  "code": "agent.get('/api/skuitems')\n.then(function (res) {\n    console.log(res.body[0]);\n    res.should.have.status(expCode);\n    res.body.should.be.a('array');\n    res.body.length.should.be.equal(size);\n    let idSKUs = ids.getIdSku();\n    for (let i = 0; i < size; i++) {\n        res.body[i].RFID.should.equal(skuitems[i].RFID);\n        res.body[i].SKUId.should.equal(idSKUs[skuitems[i].SKUId]);\n        res.body[i].DateOfStock.should.equal(skuitems[i].DateOfStock);\n        if(skuitems[i].Available !== undefined){\n            res.body[i].Available.should.equal(skuitems[i].Available);\n            //console.log('null');\n        }\n    }\n    \n    done();                \n}).catch(err=>done(err));",
                  "err": {},
                  "uuid": "8d8f1318-3c0b-4c31-acd6-3497a00babaa",
                  "parentUUID": "e1315da8-b82b-461c-8b27-090563d07a51",
                  "isHook": false,
                  "skipped": false
                }
              ],
              "suites": [],
              "passes": [
                "8d8f1318-3c0b-4c31-acd6-3497a00babaa"
              ],
              "failures": [],
              "pending": [],
              "skipped": [],
              "duration": 10,
              "root": false,
              "rootEmpty": false,
              "_timeout": 30000
            },
            {
              "uuid": "9f56bec4-8583-469e-86ab-05f59838aa1d",
              "title": "removing all skus",
              "fullFile": "C:\\Users\\shado\\OneDrive\\Documents\\Magistrale\\lm\\se\\proj\\group38\\EzWh\\code\\server\\acceptanceTest\\testEzWhAPI.js",
              "file": "\\acceptanceTest\\testEzWhAPI.js",
              "beforeHooks": [],
              "afterHooks": [],
              "tests": [
                {
                  "title": "Getting SKUs",
                  "fullTitle": "Test CR1 Item removing all skus Getting SKUs",
                  "timedOut": false,
                  "duration": 10,
                  "state": "passed",
                  "speed": "fast",
                  "pass": true,
                  "fail": false,
                  "pending": false,
                  "context": null,
                  "code": "const res = await agent.get('/api/skus');\nconsole.log(res.body);\nres.should.have.status(200);\nif (res.body.length !==0) {\n    let res2;\n    for (let i = 0; i < res.body.length; i++) {\n        res2 = await\n        agent.delete('/api/skus/'+res.body[i].id);\n        res2.should.have.status(204);\n        console.log(\"Deleted \"+ res.body[i].id);\n    }\n} \nconsole.log(\"done!\");",
                  "err": {},
                  "uuid": "a60da98a-114c-4f58-bcf7-634d2262a0ad",
                  "parentUUID": "9f56bec4-8583-469e-86ab-05f59838aa1d",
                  "isHook": false,
                  "skipped": false
                }
              ],
              "suites": [],
              "passes": [
                "a60da98a-114c-4f58-bcf7-634d2262a0ad"
              ],
              "failures": [],
              "pending": [],
              "skipped": [],
              "duration": 10,
              "root": false,
              "rootEmpty": false,
              "_timeout": 30000
            },
            {
              "uuid": "adfc4cb4-ff59-4986-bf89-78f3d1292c01",
              "title": "get /api/skus",
              "fullFile": "C:\\Users\\shado\\OneDrive\\Documents\\Magistrale\\lm\\se\\proj\\group38\\EzWh\\code\\server\\acceptanceTest\\testEzWhAPI.js",
              "file": "\\acceptanceTest\\testEzWhAPI.js",
              "beforeHooks": [],
              "afterHooks": [],
              "tests": [
                {
                  "title": "FR 2.3 -> List all SKUs",
                  "fullTitle": "Test CR1 Item get /api/skus FR 2.3 -> List all SKUs",
                  "timedOut": false,
                  "duration": 7,
                  "state": "passed",
                  "speed": "fast",
                  "pass": true,
                  "fail": false,
                  "pending": false,
                  "context": null,
                  "code": "agent.get('/api/skus')\n.then(function (res) {\n    res.should.have.status(expCode);\n    res.body.should.be.a('array');\n    res.body.length.should.be.eql(size);\n    let id = [];\n    if (size > 0) {\n        for (let i = 0; i < size; i++) {\n            id[i] = res.body[i].id;\n            res.body[i].description.should.equal(sku[i].description);\n            res.body[i].weight.should.equal(sku[i].weight);\n            res.body[i].volume.should.equal(sku[i].volume);\n            res.body[i].notes.should.equal(sku[i].notes);\n            res.body[i].availableQuantity.should.equal(sku[i].availableQuantity);\n            res.body[i].price.should.equal(sku[i].price);\n        }\n        ids.setIdSku(id);\n    }             \n    done();\n}).catch(err=>done(err));",
                  "err": {},
                  "uuid": "bb223029-2b6c-4a66-8c07-f4bf9ef3ae94",
                  "parentUUID": "adfc4cb4-ff59-4986-bf89-78f3d1292c01",
                  "isHook": false,
                  "skipped": false
                }
              ],
              "suites": [],
              "passes": [
                "bb223029-2b6c-4a66-8c07-f4bf9ef3ae94"
              ],
              "failures": [],
              "pending": [],
              "skipped": [],
              "duration": 7,
              "root": false,
              "rootEmpty": false,
              "_timeout": 30000
            },
            {
              "uuid": "2a89bb1b-8d88-4aea-a1d9-1f562af65a05",
              "title": " Delete all not manager",
              "fullFile": "C:\\Users\\shado\\OneDrive\\Documents\\Magistrale\\lm\\se\\proj\\group38\\EzWh\\code\\server\\acceptanceTest\\testEzWhAPI.js",
              "file": "\\acceptanceTest\\testEzWhAPI.js",
              "beforeHooks": [],
              "afterHooks": [],
              "tests": [
                {
                  "title": "Cleaning db user util",
                  "fullTitle": "Test CR1 Item  Delete all not manager Cleaning db user util",
                  "timedOut": false,
                  "duration": 10,
                  "state": "passed",
                  "speed": "fast",
                  "pass": true,
                  "fail": false,
                  "pending": false,
                  "context": null,
                  "code": "const res = await agent.get('/api/users');\nconsole.log(res.body);\nres.should.have.status(200);\nif (res.body.length !==0) {\n    let res2;\n    for(let i=0; i<res.body.length; i++){\n        console.log(res.body[i].email);\n        res2 = await\n        agent.delete('/api/users/'+res.body[i].email+'/'+res.body[i].type);\n        console.log(res2.body);\n        res2.should.have.status(204);\n        console.log(\"Deleted \"+ res.body[i].email);                    \n    }                \n}\nconsole.log(\"done!\");",
                  "err": {},
                  "uuid": "85cc2871-e616-4b71-aa85-f05652e9ee45",
                  "parentUUID": "2a89bb1b-8d88-4aea-a1d9-1f562af65a05",
                  "isHook": false,
                  "skipped": false
                }
              ],
              "suites": [],
              "passes": [
                "85cc2871-e616-4b71-aa85-f05652e9ee45"
              ],
              "failures": [],
              "pending": [],
              "skipped": [],
              "duration": 10,
              "root": false,
              "rootEmpty": false,
              "_timeout": 30000
            },
            {
              "uuid": "f80e3cab-0d8b-46a5-a4e0-29ede4463f97",
              "title": " post /api/newUser",
              "fullFile": "C:\\Users\\shado\\OneDrive\\Documents\\Magistrale\\lm\\se\\proj\\group38\\EzWh\\code\\server\\acceptanceTest\\testEzWhAPI.js",
              "file": "\\acceptanceTest\\testEzWhAPI.js",
              "beforeHooks": [],
              "afterHooks": [],
              "tests": [
                {
                  "title": "FR 1.1 a -> Define a new user",
                  "fullTitle": "Test CR1 Item  post /api/newUser FR 1.1 a -> Define a new user",
                  "timedOut": false,
                  "duration": 58,
                  "state": "passed",
                  "speed": "medium",
                  "pass": true,
                  "fail": false,
                  "pending": false,
                  "context": null,
                  "code": "agent.post('/api/newUser')\n.send(myuser)\n.then(function(res){\n    res.should.have.status(expCode);\n    done();\n}).catch(err=>done(err));",
                  "err": {},
                  "uuid": "559c6769-5d20-49b5-a876-98f0412d524a",
                  "parentUUID": "f80e3cab-0d8b-46a5-a4e0-29ede4463f97",
                  "isHook": false,
                  "skipped": false
                }
              ],
              "suites": [],
              "passes": [
                "559c6769-5d20-49b5-a876-98f0412d524a"
              ],
              "failures": [],
              "pending": [],
              "skipped": [],
              "duration": 58,
              "root": false,
              "rootEmpty": false,
              "_timeout": 30000
            },
            {
              "uuid": "f6951ed0-cf97-451a-b419-8178ac9ad428",
              "title": " post /api/newUser",
              "fullFile": "C:\\Users\\shado\\OneDrive\\Documents\\Magistrale\\lm\\se\\proj\\group38\\EzWh\\code\\server\\acceptanceTest\\testEzWhAPI.js",
              "file": "\\acceptanceTest\\testEzWhAPI.js",
              "beforeHooks": [],
              "afterHooks": [],
              "tests": [
                {
                  "title": "FR 1.1 a -> Define a new user",
                  "fullTitle": "Test CR1 Item  post /api/newUser FR 1.1 a -> Define a new user",
                  "timedOut": false,
                  "duration": 17,
                  "state": "passed",
                  "speed": "fast",
                  "pass": true,
                  "fail": false,
                  "pending": false,
                  "context": null,
                  "code": "agent.post('/api/newUser')\n.send(myuser)\n.then(function(res){\n    res.should.have.status(expCode);\n    done();\n}).catch(err=>done(err));",
                  "err": {},
                  "uuid": "98ce078a-bfdb-44b2-bb14-853defdecd4e",
                  "parentUUID": "f6951ed0-cf97-451a-b419-8178ac9ad428",
                  "isHook": false,
                  "skipped": false
                }
              ],
              "suites": [],
              "passes": [
                "98ce078a-bfdb-44b2-bb14-853defdecd4e"
              ],
              "failures": [],
              "pending": [],
              "skipped": [],
              "duration": 17,
              "root": false,
              "rootEmpty": false,
              "_timeout": 30000
            },
            {
              "uuid": "c8f9fecb-171d-4d20-a2e6-6bc0b1b9a93b",
              "title": " get /api/suppliers",
              "fullFile": "C:\\Users\\shado\\OneDrive\\Documents\\Magistrale\\lm\\se\\proj\\group38\\EzWh\\code\\server\\acceptanceTest\\testEzWhAPI.js",
              "file": "\\acceptanceTest\\testEzWhAPI.js",
              "beforeHooks": [],
              "afterHooks": [],
              "tests": [
                {
                  "title": " get all suppliers",
                  "fullTitle": "Test CR1 Item  get /api/suppliers  get all suppliers",
                  "timedOut": false,
                  "duration": 5,
                  "state": "passed",
                  "speed": "fast",
                  "pass": true,
                  "fail": false,
                  "pending": false,
                  "context": null,
                  "code": "let idsupp = [];\nagent.get('/api/suppliers')\n.then(function(res){\n    for(let i=0; i<res.body.length; i++){\n        idsupp[i] = res.body[i].id;\n    }\n    ids.setIdSuppliers(idsupp);\n    //console.log(res.body);\n    done();\n}).catch(err=>done(err));",
                  "err": {},
                  "uuid": "3f78fa43-83fc-4807-a82a-f5d45fa45b8a",
                  "parentUUID": "c8f9fecb-171d-4d20-a2e6-6bc0b1b9a93b",
                  "isHook": false,
                  "skipped": false
                }
              ],
              "suites": [],
              "passes": [
                "3f78fa43-83fc-4807-a82a-f5d45fa45b8a"
              ],
              "failures": [],
              "pending": [],
              "skipped": [],
              "duration": 5,
              "root": false,
              "rootEmpty": false,
              "_timeout": 30000
            },
            {
              "uuid": "ebd3efc0-742b-4979-beff-b7cdff08981f",
              "title": "post /api/sku/",
              "fullFile": "C:\\Users\\shado\\OneDrive\\Documents\\Magistrale\\lm\\se\\proj\\group38\\EzWh\\code\\server\\acceptanceTest\\testEzWhAPI.js",
              "file": "\\acceptanceTest\\testEzWhAPI.js",
              "beforeHooks": [],
              "afterHooks": [],
              "tests": [
                {
                  "title": "FR 2.1 a -> Define a new SKU",
                  "fullTitle": "Test CR1 Item post /api/sku/ FR 2.1 a -> Define a new SKU",
                  "timedOut": false,
                  "duration": 11,
                  "state": "passed",
                  "speed": "fast",
                  "pass": true,
                  "fail": false,
                  "pending": false,
                  "context": null,
                  "code": "agent.post('/api/sku/')\n.send(thesku)\n.then(function (res) {\n    res.should.have.status(expCode);\n    done();\n}).catch(err=>done(err));",
                  "err": {},
                  "uuid": "ef32b191-f66a-48e0-ad17-44a16fa8343a",
                  "parentUUID": "ebd3efc0-742b-4979-beff-b7cdff08981f",
                  "isHook": false,
                  "skipped": false
                }
              ],
              "suites": [],
              "passes": [
                "ef32b191-f66a-48e0-ad17-44a16fa8343a"
              ],
              "failures": [],
              "pending": [],
              "skipped": [],
              "duration": 11,
              "root": false,
              "rootEmpty": false,
              "_timeout": 30000
            },
            {
              "uuid": "6b82b2c5-c110-4290-8605-f3cabed3589b",
              "title": "post /api/sku/",
              "fullFile": "C:\\Users\\shado\\OneDrive\\Documents\\Magistrale\\lm\\se\\proj\\group38\\EzWh\\code\\server\\acceptanceTest\\testEzWhAPI.js",
              "file": "\\acceptanceTest\\testEzWhAPI.js",
              "beforeHooks": [],
              "afterHooks": [],
              "tests": [
                {
                  "title": "FR 2.1 a -> Define a new SKU",
                  "fullTitle": "Test CR1 Item post /api/sku/ FR 2.1 a -> Define a new SKU",
                  "timedOut": false,
                  "duration": 12,
                  "state": "passed",
                  "speed": "fast",
                  "pass": true,
                  "fail": false,
                  "pending": false,
                  "context": null,
                  "code": "agent.post('/api/sku/')\n.send(thesku)\n.then(function (res) {\n    res.should.have.status(expCode);\n    done();\n}).catch(err=>done(err));",
                  "err": {},
                  "uuid": "7ef14e6c-5299-4930-9074-ad40e37698b2",
                  "parentUUID": "6b82b2c5-c110-4290-8605-f3cabed3589b",
                  "isHook": false,
                  "skipped": false
                }
              ],
              "suites": [],
              "passes": [
                "7ef14e6c-5299-4930-9074-ad40e37698b2"
              ],
              "failures": [],
              "pending": [],
              "skipped": [],
              "duration": 12,
              "root": false,
              "rootEmpty": false,
              "_timeout": 30000
            },
            {
              "uuid": "4a5bddaf-7c75-468c-bb8e-c504a1539cb3",
              "title": "get /api/skus",
              "fullFile": "C:\\Users\\shado\\OneDrive\\Documents\\Magistrale\\lm\\se\\proj\\group38\\EzWh\\code\\server\\acceptanceTest\\testEzWhAPI.js",
              "file": "\\acceptanceTest\\testEzWhAPI.js",
              "beforeHooks": [],
              "afterHooks": [],
              "tests": [
                {
                  "title": "FR 2.3 -> List all SKUs",
                  "fullTitle": "Test CR1 Item get /api/skus FR 2.3 -> List all SKUs",
                  "timedOut": false,
                  "duration": 8,
                  "state": "passed",
                  "speed": "fast",
                  "pass": true,
                  "fail": false,
                  "pending": false,
                  "context": null,
                  "code": "agent.get('/api/skus')\n.then(function (res) {\n    res.should.have.status(expCode);\n    res.body.should.be.a('array');\n    res.body.length.should.be.eql(size);\n    let id = [];\n    if (size > 0) {\n        for (let i = 0; i < size; i++) {\n            id[i] = res.body[i].id;\n            res.body[i].description.should.equal(sku[i].description);\n            res.body[i].weight.should.equal(sku[i].weight);\n            res.body[i].volume.should.equal(sku[i].volume);\n            res.body[i].notes.should.equal(sku[i].notes);\n            res.body[i].availableQuantity.should.equal(sku[i].availableQuantity);\n            res.body[i].price.should.equal(sku[i].price);\n        }\n        ids.setIdSku(id);\n    }             \n    done();\n}).catch(err=>done(err));",
                  "err": {},
                  "uuid": "288b4598-8d44-46cc-8cc4-39f0502ec206",
                  "parentUUID": "4a5bddaf-7c75-468c-bb8e-c504a1539cb3",
                  "isHook": false,
                  "skipped": false
                }
              ],
              "suites": [],
              "passes": [
                "288b4598-8d44-46cc-8cc4-39f0502ec206"
              ],
              "failures": [],
              "pending": [],
              "skipped": [],
              "duration": 8,
              "root": false,
              "rootEmpty": false,
              "_timeout": 30000
            },
            {
              "uuid": "7e998c79-5af8-48df-a653-f0e3461312f3",
              "title": "post /api/item/",
              "fullFile": "C:\\Users\\shado\\OneDrive\\Documents\\Magistrale\\lm\\se\\proj\\group38\\EzWh\\code\\server\\acceptanceTest\\testEzWhAPI.js",
              "file": "\\acceptanceTest\\testEzWhAPI.js",
              "beforeHooks": [],
              "afterHooks": [],
              "tests": [
                {
                  "title": "Adding item details",
                  "fullTitle": "Test CR1 Item post /api/item/ Adding item details",
                  "timedOut": false,
                  "duration": 27,
                  "state": "passed",
                  "speed": "fast",
                  "pass": true,
                  "fail": false,
                  "pending": false,
                  "context": null,
                  "code": "let idskus = ids.getIdSku();\nlet idsupp = ids.getIdSuppliers();\nlet currskuid;\nif(myitem.SKUId === null || myitem.SKUId > idskus.length){\n    currskuid = myitem.SKUId;\n}\nelse{\n    currskuid = idskus[myitem.SKUId]\n}\nlet currentItem = newItem(myitem.id, myitem.description, myitem.price, currskuid, idsupp[myitem.supplierId]);\nagent.post('/api/item')\n.send(currentItem)\n.then(res => {\n    //console.log(res);\n    assert.equal(res.status, expCode);\n    done();\n}).catch(err => done(err));",
                  "err": {},
                  "uuid": "69121340-d189-46df-a969-c5903aaef366",
                  "parentUUID": "7e998c79-5af8-48df-a653-f0e3461312f3",
                  "isHook": false,
                  "skipped": false
                }
              ],
              "suites": [],
              "passes": [
                "69121340-d189-46df-a969-c5903aaef366"
              ],
              "failures": [],
              "pending": [],
              "skipped": [],
              "duration": 27,
              "root": false,
              "rootEmpty": false,
              "_timeout": 30000
            },
            {
              "uuid": "f5682708-b6d7-4573-a0d0-a08e7451f112",
              "title": "post /api/item/",
              "fullFile": "C:\\Users\\shado\\OneDrive\\Documents\\Magistrale\\lm\\se\\proj\\group38\\EzWh\\code\\server\\acceptanceTest\\testEzWhAPI.js",
              "file": "\\acceptanceTest\\testEzWhAPI.js",
              "beforeHooks": [],
              "afterHooks": [],
              "tests": [
                {
                  "title": "Adding item details",
                  "fullTitle": "Test CR1 Item post /api/item/ Adding item details",
                  "timedOut": false,
                  "duration": 11,
                  "state": "passed",
                  "speed": "fast",
                  "pass": true,
                  "fail": false,
                  "pending": false,
                  "context": null,
                  "code": "let idskus = ids.getIdSku();\nlet idsupp = ids.getIdSuppliers();\nlet currskuid;\nif(myitem.SKUId === null || myitem.SKUId > idskus.length){\n    currskuid = myitem.SKUId;\n}\nelse{\n    currskuid = idskus[myitem.SKUId]\n}\nlet currentItem = newItem(myitem.id, myitem.description, myitem.price, currskuid, idsupp[myitem.supplierId]);\nagent.post('/api/item')\n.send(currentItem)\n.then(res => {\n    //console.log(res);\n    assert.equal(res.status, expCode);\n    done();\n}).catch(err => done(err));",
                  "err": {},
                  "uuid": "5ee50305-83bd-4024-9d6c-f19db236c9ee",
                  "parentUUID": "f5682708-b6d7-4573-a0d0-a08e7451f112",
                  "isHook": false,
                  "skipped": false
                }
              ],
              "suites": [],
              "passes": [
                "5ee50305-83bd-4024-9d6c-f19db236c9ee"
              ],
              "failures": [],
              "pending": [],
              "skipped": [],
              "duration": 11,
              "root": false,
              "rootEmpty": false,
              "_timeout": 30000
            },
            {
              "uuid": "7ebaa4f2-a2fb-48f2-9c00-c665caf78f84",
              "title": "Get all items",
              "fullFile": "C:\\Users\\shado\\OneDrive\\Documents\\Magistrale\\lm\\se\\proj\\group38\\EzWh\\code\\server\\acceptanceTest\\testEzWhAPI.js",
              "file": "\\acceptanceTest\\testEzWhAPI.js",
              "beforeHooks": [],
              "afterHooks": [],
              "tests": [
                {
                  "title": "get /api/items/",
                  "fullTitle": "Test CR1 Item Get all items get /api/items/",
                  "timedOut": false,
                  "duration": 8,
                  "state": "passed",
                  "speed": "fast",
                  "pass": true,
                  "fail": false,
                  "pending": false,
                  "context": null,
                  "code": "agent.get('/api/items')\n.then(function(res){\n    console.log(res.body);\n    res.should.have.status(expCode);\n    res.body.should.be.a('array');\n    res.body.length.should.be.equal(size);\n    done();\n}).catch(err => done(err));",
                  "err": {},
                  "uuid": "f574d7e7-5260-4a88-b9ff-7229510b5287",
                  "parentUUID": "7ebaa4f2-a2fb-48f2-9c00-c665caf78f84",
                  "isHook": false,
                  "skipped": false
                }
              ],
              "suites": [],
              "passes": [
                "f574d7e7-5260-4a88-b9ff-7229510b5287"
              ],
              "failures": [],
              "pending": [],
              "skipped": [],
              "duration": 8,
              "root": false,
              "rootEmpty": false,
              "_timeout": 30000
            },
            {
              "uuid": "4d99a1a5-5478-455a-b0c0-2f1501d8b6b8",
              "title": "get /api/items/:id",
              "fullFile": "C:\\Users\\shado\\OneDrive\\Documents\\Magistrale\\lm\\se\\proj\\group38\\EzWh\\code\\server\\acceptanceTest\\testEzWhAPI.js",
              "file": "\\acceptanceTest\\testEzWhAPI.js",
              "beforeHooks": [],
              "afterHooks": [],
              "tests": [
                {
                  "title": "Gettim item details",
                  "fullTitle": "Test CR1 Item get /api/items/:id Gettim item details",
                  "timedOut": false,
                  "duration": 9,
                  "state": "passed",
                  "speed": "fast",
                  "pass": true,
                  "fail": false,
                  "pending": false,
                  "context": null,
                  "code": "let idsupp = ids.getIdSuppliers();\nagent.get('/api/items/'+itemid+'/'+idsupp[myexpitem.supplierId])\n.then(r => {\n    let idskus = ids.getIdSku();\n    assert.equal(r.status, expCode);\n    if (r.status == 200) {\n        r.body.should.be.a('object');\n        r.body.id.should.equal(itemid);\n        r.body.description.should.equal(myexpitem.description);\n        r.body.price.should.equal(myexpitem.price);\n        r.body.SKUId.should.equal(idskus[myexpitem.SKUId]);\n        r.body.supplierId.should.equal(idsupp[myexpitem.supplierId]);\n    }\n    done();\n}).catch(err => done(err));",
                  "err": {},
                  "uuid": "f98ed508-d549-48c1-8dbc-0f0f87eab05e",
                  "parentUUID": "4d99a1a5-5478-455a-b0c0-2f1501d8b6b8",
                  "isHook": false,
                  "skipped": false
                }
              ],
              "suites": [],
              "passes": [
                "f98ed508-d549-48c1-8dbc-0f0f87eab05e"
              ],
              "failures": [],
              "pending": [],
              "skipped": [],
              "duration": 9,
              "root": false,
              "rootEmpty": false,
              "_timeout": 30000
            },
            {
              "uuid": "9f9b8b55-382e-4f30-aaba-87408df544c1",
              "title": "get /api/items/:id",
              "fullFile": "C:\\Users\\shado\\OneDrive\\Documents\\Magistrale\\lm\\se\\proj\\group38\\EzWh\\code\\server\\acceptanceTest\\testEzWhAPI.js",
              "file": "\\acceptanceTest\\testEzWhAPI.js",
              "beforeHooks": [],
              "afterHooks": [],
              "tests": [
                {
                  "title": "Gettim item details",
                  "fullTitle": "Test CR1 Item get /api/items/:id Gettim item details",
                  "timedOut": false,
                  "duration": 6,
                  "state": "passed",
                  "speed": "fast",
                  "pass": true,
                  "fail": false,
                  "pending": false,
                  "context": null,
                  "code": "let idsupp = ids.getIdSuppliers();\nagent.get('/api/items/'+wrongid+'/'+idsupp[myexpitem.supplierId])\n.then(r => {\n    assert.equal(r.status, expCode);\n    done();\n}).catch(err => done(err));",
                  "err": {},
                  "uuid": "c51f4348-7429-4565-bf93-5327397d3f61",
                  "parentUUID": "9f9b8b55-382e-4f30-aaba-87408df544c1",
                  "isHook": false,
                  "skipped": false
                }
              ],
              "suites": [],
              "passes": [
                "c51f4348-7429-4565-bf93-5327397d3f61"
              ],
              "failures": [],
              "pending": [],
              "skipped": [],
              "duration": 6,
              "root": false,
              "rootEmpty": false,
              "_timeout": 30000
            },
            {
              "uuid": "ef96d1dc-06c5-41b3-b20a-2235fefe4a5e",
              "title": " put /api/item/:id",
              "fullFile": "C:\\Users\\shado\\OneDrive\\Documents\\Magistrale\\lm\\se\\proj\\group38\\EzWh\\code\\server\\acceptanceTest\\testEzWhAPI.js",
              "file": "\\acceptanceTest\\testEzWhAPI.js",
              "beforeHooks": [],
              "afterHooks": [],
              "tests": [
                {
                  "title": "Modify an item given its ID and new fields",
                  "fullTitle": "Test CR1 Item  put /api/item/:id Modify an item given its ID and new fields",
                  "timedOut": false,
                  "duration": 17,
                  "state": "passed",
                  "speed": "fast",
                  "pass": true,
                  "fail": false,
                  "pending": false,
                  "context": null,
                  "code": "let idsupp = ids.getIdSuppliers();\nagent.put('/api/item/'+myedititem.id+'/'+idsupp[myedititem.supplierId])\n.send(updateItem(myedititem.description, myedititem.price))\n.then(res => {\n    if(expCode != 404){\n        let idsku = ids.getIdSku();\n        assert.equal(res.status, expCode);\n        agent.get('/api/items/'+myedititem.id+'/'+idsupp[myedititem.supplierId])\n        .then (r => {\n            console.log(r.body);\n            assert.equal(r.status,200);\n            r.body.should.be.a('object');\n            r.body.id.should.equal(myedititem.id);\n            r.body.description.should.equal(myedititem.description);\n            r.body.price.should.equal(myedititem.price);\n            r.body.SKUId.should.equal(idsku[myedititem.SKUId]);\n            r.body.supplierId.should.equal(idsupp[myexpitem.supplierId]);\n        });\n    }\n    else{\n        res.should.have.status(expCode);\n    }\n    done();\n}).catch(err=>done(err));",
                  "err": {},
                  "uuid": "bb49a906-3f7f-4927-acd6-42fcc03c0965",
                  "parentUUID": "ef96d1dc-06c5-41b3-b20a-2235fefe4a5e",
                  "isHook": false,
                  "skipped": false
                }
              ],
              "suites": [],
              "passes": [
                "bb49a906-3f7f-4927-acd6-42fcc03c0965"
              ],
              "failures": [],
              "pending": [],
              "skipped": [],
              "duration": 17,
              "root": false,
              "rootEmpty": false,
              "_timeout": 30000
            },
            {
              "uuid": "064eabaa-35ad-4a58-92f0-58926acc03f6",
              "title": " put /api/item/:id",
              "fullFile": "C:\\Users\\shado\\OneDrive\\Documents\\Magistrale\\lm\\se\\proj\\group38\\EzWh\\code\\server\\acceptanceTest\\testEzWhAPI.js",
              "file": "\\acceptanceTest\\testEzWhAPI.js",
              "beforeHooks": [],
              "afterHooks": [],
              "tests": [
                {
                  "title": "Modify an item given its ID and new fields",
                  "fullTitle": "Test CR1 Item  put /api/item/:id Modify an item given its ID and new fields",
                  "timedOut": false,
                  "duration": 8,
                  "state": "passed",
                  "speed": "fast",
                  "pass": true,
                  "fail": false,
                  "pending": false,
                  "context": null,
                  "code": "let idsupp = ids.getIdSuppliers();\nagent.put('/api/item/'+myedititem.id+'/'+idsupp[myedititem.supplierId])\n.send(updateItem(myedititem.description, myedititem.price))\n.then(res => {\n    if(expCode != 404){\n        let idsku = ids.getIdSku();\n        assert.equal(res.status, expCode);\n        agent.get('/api/items/'+myedititem.id+'/'+idsupp[myedititem.supplierId])\n        .then (r => {\n            console.log(r.body);\n            assert.equal(r.status,200);\n            r.body.should.be.a('object');\n            r.body.id.should.equal(myedititem.id);\n            r.body.description.should.equal(myedititem.description);\n            r.body.price.should.equal(myedititem.price);\n            r.body.SKUId.should.equal(idsku[myedititem.SKUId]);\n            r.body.supplierId.should.equal(idsupp[myexpitem.supplierId]);\n        });\n    }\n    else{\n        res.should.have.status(expCode);\n    }\n    done();\n}).catch(err=>done(err));",
                  "err": {},
                  "uuid": "a7d2b15f-c428-4e73-8bc1-3d3a756599c5",
                  "parentUUID": "064eabaa-35ad-4a58-92f0-58926acc03f6",
                  "isHook": false,
                  "skipped": false
                }
              ],
              "suites": [],
              "passes": [
                "a7d2b15f-c428-4e73-8bc1-3d3a756599c5"
              ],
              "failures": [],
              "pending": [],
              "skipped": [],
              "duration": 8,
              "root": false,
              "rootEmpty": false,
              "_timeout": 30000
            },
            {
              "uuid": "642c908e-ef5d-46d4-ad84-5fcdbb818cdd",
              "title": " delete /api/items/:id",
              "fullFile": "C:\\Users\\shado\\OneDrive\\Documents\\Magistrale\\lm\\se\\proj\\group38\\EzWh\\code\\server\\acceptanceTest\\testEzWhAPI.js",
              "file": "\\acceptanceTest\\testEzWhAPI.js",
              "beforeHooks": [],
              "afterHooks": [],
              "tests": [
                {
                  "title": "Delete an item given its id",
                  "fullTitle": "Test CR1 Item  delete /api/items/:id Delete an item given its id",
                  "timedOut": false,
                  "duration": 13,
                  "state": "passed",
                  "speed": "fast",
                  "pass": true,
                  "fail": false,
                  "pending": false,
                  "context": null,
                  "code": "let idsupp = ids.getIdSuppliers();\nagent.delete('/api/items/'+myitem.id+'/'+idsupp[myitem.supplierId])\n.then(function(res){\n    res.should.have.status(expCode);\n    done();\n}).catch(err => done(err));",
                  "err": {},
                  "uuid": "0b54330e-a651-4899-a6a9-d72ec98de64d",
                  "parentUUID": "642c908e-ef5d-46d4-ad84-5fcdbb818cdd",
                  "isHook": false,
                  "skipped": false
                }
              ],
              "suites": [],
              "passes": [
                "0b54330e-a651-4899-a6a9-d72ec98de64d"
              ],
              "failures": [],
              "pending": [],
              "skipped": [],
              "duration": 13,
              "root": false,
              "rootEmpty": false,
              "_timeout": 30000
            },
            {
              "uuid": "d6b4e979-fbde-4e49-86c9-3ef4cd22cc1b",
              "title": "Removing all Items",
              "fullFile": "C:\\Users\\shado\\OneDrive\\Documents\\Magistrale\\lm\\se\\proj\\group38\\EzWh\\code\\server\\acceptanceTest\\testEzWhAPI.js",
              "file": "\\acceptanceTest\\testEzWhAPI.js",
              "beforeHooks": [],
              "afterHooks": [],
              "tests": [
                {
                  "title": "get /api/items/",
                  "fullTitle": "Test CR1 Item Removing all Items get /api/items/",
                  "timedOut": false,
                  "duration": 6,
                  "state": "passed",
                  "speed": "fast",
                  "pass": true,
                  "fail": false,
                  "pending": false,
                  "context": null,
                  "code": "const res = await agent.get('/api/items');\nconsole.log(res.body);\nres.should.have.status(200);\nif(res.body.length !==0) {\n    let res2;\n    for (let i = 0; i< res.body.length; i++){\n        res2 = await\n        agent.delete('/api/items/'+res.body[i].id+'/'+res.body[i].supplierId);\n        res2.should.have.status(204);\n        console.log(\"Deleted \" + res.body[i].id + \" by supplier \"+ res.body[i].supplierId);\n    }\n}",
                  "err": {},
                  "uuid": "7230616b-f3aa-4732-8058-ddd3bc653a1f",
                  "parentUUID": "d6b4e979-fbde-4e49-86c9-3ef4cd22cc1b",
                  "isHook": false,
                  "skipped": false
                }
              ],
              "suites": [],
              "passes": [
                "7230616b-f3aa-4732-8058-ddd3bc653a1f"
              ],
              "failures": [],
              "pending": [],
              "skipped": [],
              "duration": 6,
              "root": false,
              "rootEmpty": false,
              "_timeout": 30000
            },
            {
              "uuid": "cfcf23dc-e202-46cc-8641-c43824193d46",
              "title": "removing all skuitems",
              "fullFile": "C:\\Users\\shado\\OneDrive\\Documents\\Magistrale\\lm\\se\\proj\\group38\\EzWh\\code\\server\\acceptanceTest\\testEzWhAPI.js",
              "file": "\\acceptanceTest\\testEzWhAPI.js",
              "beforeHooks": [],
              "afterHooks": [],
              "tests": [
                {
                  "title": "Getting SKUitems",
                  "fullTitle": "Test CR1 Item removing all skuitems Getting SKUitems",
                  "timedOut": false,
                  "duration": 5,
                  "state": "passed",
                  "speed": "fast",
                  "pass": true,
                  "fail": false,
                  "pending": false,
                  "context": null,
                  "code": "const res = await agent.get('/api/skuitems');\nconsole.log(res.body);\nres.should.have.status(200);\nif (res.body.length !==0) {\n    let res2;\n    for (let i = 0; i < res.body.length; i++) {\n        res2 = await\n        agent.delete('/api/skuitems/'+res.body[i].RFID);\n        res2.should.have.status(204);\n        console.log(\"Deleted \"+ res.body[i].RFID);\n    }\n}\nconsole.log(\"done!\");",
                  "err": {},
                  "uuid": "caf876ba-4cdc-4ee1-8f33-f8b68e4983b0",
                  "parentUUID": "cfcf23dc-e202-46cc-8641-c43824193d46",
                  "isHook": false,
                  "skipped": false
                }
              ],
              "suites": [],
              "passes": [
                "caf876ba-4cdc-4ee1-8f33-f8b68e4983b0"
              ],
              "failures": [],
              "pending": [],
              "skipped": [],
              "duration": 5,
              "root": false,
              "rootEmpty": false,
              "_timeout": 30000
            },
            {
              "uuid": "a0b8baa5-e477-426d-8a97-2e8b3489dddc",
              "title": "removing all skus",
              "fullFile": "C:\\Users\\shado\\OneDrive\\Documents\\Magistrale\\lm\\se\\proj\\group38\\EzWh\\code\\server\\acceptanceTest\\testEzWhAPI.js",
              "file": "\\acceptanceTest\\testEzWhAPI.js",
              "beforeHooks": [],
              "afterHooks": [],
              "tests": [
                {
                  "title": "Getting SKUs",
                  "fullTitle": "Test CR1 Item removing all skus Getting SKUs",
                  "timedOut": false,
                  "duration": 26,
                  "state": "passed",
                  "speed": "fast",
                  "pass": true,
                  "fail": false,
                  "pending": false,
                  "context": null,
                  "code": "const res = await agent.get('/api/skus');\nconsole.log(res.body);\nres.should.have.status(200);\nif (res.body.length !==0) {\n    let res2;\n    for (let i = 0; i < res.body.length; i++) {\n        res2 = await\n        agent.delete('/api/skus/'+res.body[i].id);\n        res2.should.have.status(204);\n        console.log(\"Deleted \"+ res.body[i].id);\n    }\n} \nconsole.log(\"done!\");",
                  "err": {},
                  "uuid": "ba086a3c-3952-407c-b587-78a110d75bd5",
                  "parentUUID": "a0b8baa5-e477-426d-8a97-2e8b3489dddc",
                  "isHook": false,
                  "skipped": false
                }
              ],
              "suites": [],
              "passes": [
                "ba086a3c-3952-407c-b587-78a110d75bd5"
              ],
              "failures": [],
              "pending": [],
              "skipped": [],
              "duration": 26,
              "root": false,
              "rootEmpty": false,
              "_timeout": 30000
            }
          ],
          "passes": [],
          "failures": [],
          "pending": [],
          "skipped": [],
          "duration": 0,
          "root": false,
          "rootEmpty": false,
          "_timeout": 30000
        },
        {
          "uuid": "a09a33ca-34d6-42bc-bbd8-1542293d3e85",
          "title": "Test CR1 RestockOrder",
          "fullFile": "C:\\Users\\shado\\OneDrive\\Documents\\Magistrale\\lm\\se\\proj\\group38\\EzWh\\code\\server\\acceptanceTest\\testEzWhAPI.js",
          "file": "\\acceptanceTest\\testEzWhAPI.js",
          "beforeHooks": [],
          "afterHooks": [],
          "tests": [],
          "suites": [
            {
              "uuid": "77f71aa0-d9c1-4060-b6ef-b8ea7f88382c",
              "title": "Removing all Restock orders",
              "fullFile": "C:\\Users\\shado\\OneDrive\\Documents\\Magistrale\\lm\\se\\proj\\group38\\EzWh\\code\\server\\acceptanceTest\\testEzWhAPI.js",
              "file": "\\acceptanceTest\\testEzWhAPI.js",
              "beforeHooks": [],
              "afterHooks": [],
              "tests": [
                {
                  "title": "Getting and removing",
                  "fullTitle": "Test CR1 RestockOrder Removing all Restock orders Getting and removing",
                  "timedOut": false,
                  "duration": 6,
                  "state": "passed",
                  "speed": "fast",
                  "pass": true,
                  "fail": false,
                  "pending": false,
                  "context": null,
                  "code": "const res = await agent.get('/api/restockOrders');\nconsole.log(res.body);\nres.should.have.status(200);\nif(res.body.length !==0){\n    let res2;\n    for( let i=0; i< res.body.length; i++){\n        res2 = await\n        agent.delete('/api/restockOrder/'+res.body[i].id);\n        res2.should.have.status(204);\n        console.log(\"Deleted \"+ res.body[i].id);\n    }\n}\nconsole.log(\"done!\");",
                  "err": {},
                  "uuid": "176ebfaa-8ff8-46c6-8b0a-cdfe866e91d6",
                  "parentUUID": "77f71aa0-d9c1-4060-b6ef-b8ea7f88382c",
                  "isHook": false,
                  "skipped": false
                }
              ],
              "suites": [],
              "passes": [
                "176ebfaa-8ff8-46c6-8b0a-cdfe866e91d6"
              ],
              "failures": [],
              "pending": [],
              "skipped": [],
              "duration": 6,
              "root": false,
              "rootEmpty": false,
              "_timeout": 30000
            },
            {
              "uuid": "cd547e18-1c27-4739-aa8e-95bd3ee9a805",
              "title": " get /api/restockOrders",
              "fullFile": "C:\\Users\\shado\\OneDrive\\Documents\\Magistrale\\lm\\se\\proj\\group38\\EzWh\\code\\server\\acceptanceTest\\testEzWhAPI.js",
              "file": "\\acceptanceTest\\testEzWhAPI.js",
              "beforeHooks": [],
              "afterHooks": [],
              "tests": [
                {
                  "title": " get all restock orders",
                  "fullTitle": "Test CR1 RestockOrder  get /api/restockOrders  get all restock orders",
                  "timedOut": false,
                  "duration": 10,
                  "state": "passed",
                  "speed": "fast",
                  "pass": true,
                  "fail": false,
                  "pending": false,
                  "context": null,
                  "code": "agent.get('/api/restockOrders')\n.then(function(res){\n    res.should.have.status(expCode);\n    res.body.should.be.a('array');\n    let idsupp = ids.getIdSuppliers();\n    let idskus  = ids.getIdSku();\n    let idrestord = [];\n    res.body.length.should.be.eql(myrestocks.length);\n    for(let i = 0; i<res.body.length; i++){\n        idrestord[i] = res.body[i].id;\n        res.body[i].issueDate.should.equal(myrestocks[i].issueDate);\n        res.body[i].supplierId.should.equal(idsupp[myrestocks[i].supplierId]);\n        for(let j = 0; j<res.body[i].products.length; j++){\n            res.body[i].products[j].SKUId.should.equal(idskus[myrestocks[i].products[j].SKUId]);\n            res.body[i].products[j].itemId.should.equal(myrestocks[i].products[j].itemId);\n            res.body[i].products[j].description.should.equal(myrestocks[i].products[j].description);\n            res.body[i].products[j].price.should.equal(myrestocks[i].products[j].price);\n            res.body[i].products[j].qty.should.equal(myrestocks[i].products[j].qty);\n        }\n    }\n    ids.setIdRestockOrders(idrestord);\n    done();\n}).catch(err=>done(err));",
                  "err": {},
                  "uuid": "987094a7-0263-414d-a416-b7c821491a2f",
                  "parentUUID": "cd547e18-1c27-4739-aa8e-95bd3ee9a805",
                  "isHook": false,
                  "skipped": false
                }
              ],
              "suites": [],
              "passes": [
                "987094a7-0263-414d-a416-b7c821491a2f"
              ],
              "failures": [],
              "pending": [],
              "skipped": [],
              "duration": 10,
              "root": false,
              "rootEmpty": false,
              "_timeout": 30000
            },
            {
              "uuid": "dd4e1e0d-aa40-4f4d-89d3-2a535965fcd1",
              "title": "removing all skuitems",
              "fullFile": "C:\\Users\\shado\\OneDrive\\Documents\\Magistrale\\lm\\se\\proj\\group38\\EzWh\\code\\server\\acceptanceTest\\testEzWhAPI.js",
              "file": "\\acceptanceTest\\testEzWhAPI.js",
              "beforeHooks": [],
              "afterHooks": [],
              "tests": [
                {
                  "title": "Getting SKUitems",
                  "fullTitle": "Test CR1 RestockOrder removing all skuitems Getting SKUitems",
                  "timedOut": false,
                  "duration": 6,
                  "state": "passed",
                  "speed": "fast",
                  "pass": true,
                  "fail": false,
                  "pending": false,
                  "context": null,
                  "code": "const res = await agent.get('/api/skuitems');\nconsole.log(res.body);\nres.should.have.status(200);\nif (res.body.length !==0) {\n    let res2;\n    for (let i = 0; i < res.body.length; i++) {\n        res2 = await\n        agent.delete('/api/skuitems/'+res.body[i].RFID);\n        res2.should.have.status(204);\n        console.log(\"Deleted \"+ res.body[i].RFID);\n    }\n}\nconsole.log(\"done!\");",
                  "err": {},
                  "uuid": "bbd58413-f622-409d-aecb-1677b83feaec",
                  "parentUUID": "dd4e1e0d-aa40-4f4d-89d3-2a535965fcd1",
                  "isHook": false,
                  "skipped": false
                }
              ],
              "suites": [],
              "passes": [
                "bbd58413-f622-409d-aecb-1677b83feaec"
              ],
              "failures": [],
              "pending": [],
              "skipped": [],
              "duration": 6,
              "root": false,
              "rootEmpty": false,
              "_timeout": 30000
            },
            {
              "uuid": "fc7bbae8-6cdb-4b12-b67a-bff49e429aac",
              "title": "get /api/skuitems",
              "fullFile": "C:\\Users\\shado\\OneDrive\\Documents\\Magistrale\\lm\\se\\proj\\group38\\EzWh\\code\\server\\acceptanceTest\\testEzWhAPI.js",
              "file": "\\acceptanceTest\\testEzWhAPI.js",
              "beforeHooks": [],
              "afterHooks": [],
              "tests": [
                {
                  "title": "Getting SKUitems",
                  "fullTitle": "Test CR1 RestockOrder get /api/skuitems Getting SKUitems",
                  "timedOut": false,
                  "duration": 6,
                  "state": "passed",
                  "speed": "fast",
                  "pass": true,
                  "fail": false,
                  "pending": false,
                  "context": null,
                  "code": "agent.get('/api/skuitems')\n.then(function (res) {\n    console.log(res.body[0]);\n    res.should.have.status(expCode);\n    res.body.should.be.a('array');\n    res.body.length.should.be.equal(size);\n    let idSKUs = ids.getIdSku();\n    for (let i = 0; i < size; i++) {\n        res.body[i].RFID.should.equal(skuitems[i].RFID);\n        res.body[i].SKUId.should.equal(idSKUs[skuitems[i].SKUId]);\n        res.body[i].DateOfStock.should.equal(skuitems[i].DateOfStock);\n        if(skuitems[i].Available !== undefined){\n            res.body[i].Available.should.equal(skuitems[i].Available);\n            //console.log('null');\n        }\n    }\n    \n    done();                \n}).catch(err=>done(err));",
                  "err": {},
                  "uuid": "78f2b2d0-40ee-4e7b-9949-134ba924b8dd",
                  "parentUUID": "fc7bbae8-6cdb-4b12-b67a-bff49e429aac",
                  "isHook": false,
                  "skipped": false
                }
              ],
              "suites": [],
              "passes": [
                "78f2b2d0-40ee-4e7b-9949-134ba924b8dd"
              ],
              "failures": [],
              "pending": [],
              "skipped": [],
              "duration": 6,
              "root": false,
              "rootEmpty": false,
              "_timeout": 30000
            },
            {
              "uuid": "5838b9a5-875e-4fd0-a48f-f1ce3ad43840",
              "title": "removing all skus",
              "fullFile": "C:\\Users\\shado\\OneDrive\\Documents\\Magistrale\\lm\\se\\proj\\group38\\EzWh\\code\\server\\acceptanceTest\\testEzWhAPI.js",
              "file": "\\acceptanceTest\\testEzWhAPI.js",
              "beforeHooks": [],
              "afterHooks": [],
              "tests": [
                {
                  "title": "Getting SKUs",
                  "fullTitle": "Test CR1 RestockOrder removing all skus Getting SKUs",
                  "timedOut": false,
                  "duration": 6,
                  "state": "passed",
                  "speed": "fast",
                  "pass": true,
                  "fail": false,
                  "pending": false,
                  "context": null,
                  "code": "const res = await agent.get('/api/skus');\nconsole.log(res.body);\nres.should.have.status(200);\nif (res.body.length !==0) {\n    let res2;\n    for (let i = 0; i < res.body.length; i++) {\n        res2 = await\n        agent.delete('/api/skus/'+res.body[i].id);\n        res2.should.have.status(204);\n        console.log(\"Deleted \"+ res.body[i].id);\n    }\n} \nconsole.log(\"done!\");",
                  "err": {},
                  "uuid": "7e171ca8-bfd4-4149-9971-92417f2a3403",
                  "parentUUID": "5838b9a5-875e-4fd0-a48f-f1ce3ad43840",
                  "isHook": false,
                  "skipped": false
                }
              ],
              "suites": [],
              "passes": [
                "7e171ca8-bfd4-4149-9971-92417f2a3403"
              ],
              "failures": [],
              "pending": [],
              "skipped": [],
              "duration": 6,
              "root": false,
              "rootEmpty": false,
              "_timeout": 30000
            },
            {
              "uuid": "795d1834-d492-41bf-a55c-83b6cc901a2e",
              "title": "get /api/skus",
              "fullFile": "C:\\Users\\shado\\OneDrive\\Documents\\Magistrale\\lm\\se\\proj\\group38\\EzWh\\code\\server\\acceptanceTest\\testEzWhAPI.js",
              "file": "\\acceptanceTest\\testEzWhAPI.js",
              "beforeHooks": [],
              "afterHooks": [],
              "tests": [
                {
                  "title": "FR 2.3 -> List all SKUs",
                  "fullTitle": "Test CR1 RestockOrder get /api/skus FR 2.3 -> List all SKUs",
                  "timedOut": false,
                  "duration": 5,
                  "state": "passed",
                  "speed": "fast",
                  "pass": true,
                  "fail": false,
                  "pending": false,
                  "context": null,
                  "code": "agent.get('/api/skus')\n.then(function (res) {\n    res.should.have.status(expCode);\n    res.body.should.be.a('array');\n    res.body.length.should.be.eql(size);\n    let id = [];\n    if (size > 0) {\n        for (let i = 0; i < size; i++) {\n            id[i] = res.body[i].id;\n            res.body[i].description.should.equal(sku[i].description);\n            res.body[i].weight.should.equal(sku[i].weight);\n            res.body[i].volume.should.equal(sku[i].volume);\n            res.body[i].notes.should.equal(sku[i].notes);\n            res.body[i].availableQuantity.should.equal(sku[i].availableQuantity);\n            res.body[i].price.should.equal(sku[i].price);\n        }\n        ids.setIdSku(id);\n    }             \n    done();\n}).catch(err=>done(err));",
                  "err": {},
                  "uuid": "a3dca911-35a2-459a-9836-ee711b6e116f",
                  "parentUUID": "795d1834-d492-41bf-a55c-83b6cc901a2e",
                  "isHook": false,
                  "skipped": false
                }
              ],
              "suites": [],
              "passes": [
                "a3dca911-35a2-459a-9836-ee711b6e116f"
              ],
              "failures": [],
              "pending": [],
              "skipped": [],
              "duration": 5,
              "root": false,
              "rootEmpty": false,
              "_timeout": 30000
            },
            {
              "uuid": "49e742b3-ee6b-4521-8a90-c429365d1862",
              "title": " Delete all not manager",
              "fullFile": "C:\\Users\\shado\\OneDrive\\Documents\\Magistrale\\lm\\se\\proj\\group38\\EzWh\\code\\server\\acceptanceTest\\testEzWhAPI.js",
              "file": "\\acceptanceTest\\testEzWhAPI.js",
              "beforeHooks": [],
              "afterHooks": [],
              "tests": [
                {
                  "title": "Cleaning db user util",
                  "fullTitle": "Test CR1 RestockOrder  Delete all not manager Cleaning db user util",
                  "timedOut": false,
                  "duration": 40,
                  "state": "passed",
                  "speed": "medium",
                  "pass": true,
                  "fail": false,
                  "pending": false,
                  "context": null,
                  "code": "const res = await agent.get('/api/users');\nconsole.log(res.body);\nres.should.have.status(200);\nif (res.body.length !==0) {\n    let res2;\n    for(let i=0; i<res.body.length; i++){\n        console.log(res.body[i].email);\n        res2 = await\n        agent.delete('/api/users/'+res.body[i].email+'/'+res.body[i].type);\n        console.log(res2.body);\n        res2.should.have.status(204);\n        console.log(\"Deleted \"+ res.body[i].email);                    \n    }                \n}\nconsole.log(\"done!\");",
                  "err": {},
                  "uuid": "04c6ab18-fc7d-4e4d-bb5d-cf32bf95bebf",
                  "parentUUID": "49e742b3-ee6b-4521-8a90-c429365d1862",
                  "isHook": false,
                  "skipped": false
                }
              ],
              "suites": [],
              "passes": [
                "04c6ab18-fc7d-4e4d-bb5d-cf32bf95bebf"
              ],
              "failures": [],
              "pending": [],
              "skipped": [],
              "duration": 40,
              "root": false,
              "rootEmpty": false,
              "_timeout": 30000
            },
            {
              "uuid": "bef3d8cc-411b-4990-a0ed-4e8cdd3e1be4",
              "title": "post /api/sku/",
              "fullFile": "C:\\Users\\shado\\OneDrive\\Documents\\Magistrale\\lm\\se\\proj\\group38\\EzWh\\code\\server\\acceptanceTest\\testEzWhAPI.js",
              "file": "\\acceptanceTest\\testEzWhAPI.js",
              "beforeHooks": [],
              "afterHooks": [],
              "tests": [
                {
                  "title": "FR 2.1 a -> Define a new SKU",
                  "fullTitle": "Test CR1 RestockOrder post /api/sku/ FR 2.1 a -> Define a new SKU",
                  "timedOut": false,
                  "duration": 10,
                  "state": "passed",
                  "speed": "fast",
                  "pass": true,
                  "fail": false,
                  "pending": false,
                  "context": null,
                  "code": "agent.post('/api/sku/')\n.send(thesku)\n.then(function (res) {\n    res.should.have.status(expCode);\n    done();\n}).catch(err=>done(err));",
                  "err": {},
                  "uuid": "d3eac1d8-72a3-4475-bfc5-0a22ee873345",
                  "parentUUID": "bef3d8cc-411b-4990-a0ed-4e8cdd3e1be4",
                  "isHook": false,
                  "skipped": false
                }
              ],
              "suites": [],
              "passes": [
                "d3eac1d8-72a3-4475-bfc5-0a22ee873345"
              ],
              "failures": [],
              "pending": [],
              "skipped": [],
              "duration": 10,
              "root": false,
              "rootEmpty": false,
              "_timeout": 30000
            },
            {
              "uuid": "a6ef0d74-07f4-4434-852b-8da6fefb6d22",
              "title": "post /api/sku/",
              "fullFile": "C:\\Users\\shado\\OneDrive\\Documents\\Magistrale\\lm\\se\\proj\\group38\\EzWh\\code\\server\\acceptanceTest\\testEzWhAPI.js",
              "file": "\\acceptanceTest\\testEzWhAPI.js",
              "beforeHooks": [],
              "afterHooks": [],
              "tests": [
                {
                  "title": "FR 2.1 a -> Define a new SKU",
                  "fullTitle": "Test CR1 RestockOrder post /api/sku/ FR 2.1 a -> Define a new SKU",
                  "timedOut": false,
                  "duration": 8,
                  "state": "passed",
                  "speed": "fast",
                  "pass": true,
                  "fail": false,
                  "pending": false,
                  "context": null,
                  "code": "agent.post('/api/sku/')\n.send(thesku)\n.then(function (res) {\n    res.should.have.status(expCode);\n    done();\n}).catch(err=>done(err));",
                  "err": {},
                  "uuid": "fda622e9-d6eb-483f-8edf-6f6bae664750",
                  "parentUUID": "a6ef0d74-07f4-4434-852b-8da6fefb6d22",
                  "isHook": false,
                  "skipped": false
                }
              ],
              "suites": [],
              "passes": [
                "fda622e9-d6eb-483f-8edf-6f6bae664750"
              ],
              "failures": [],
              "pending": [],
              "skipped": [],
              "duration": 8,
              "root": false,
              "rootEmpty": false,
              "_timeout": 30000
            },
            {
              "uuid": "1c00755e-bf2d-4066-b592-5701158dfaf1",
              "title": "get /api/skus",
              "fullFile": "C:\\Users\\shado\\OneDrive\\Documents\\Magistrale\\lm\\se\\proj\\group38\\EzWh\\code\\server\\acceptanceTest\\testEzWhAPI.js",
              "file": "\\acceptanceTest\\testEzWhAPI.js",
              "beforeHooks": [],
              "afterHooks": [],
              "tests": [
                {
                  "title": "FR 2.3 -> List all SKUs",
                  "fullTitle": "Test CR1 RestockOrder get /api/skus FR 2.3 -> List all SKUs",
                  "timedOut": false,
                  "duration": 5,
                  "state": "passed",
                  "speed": "fast",
                  "pass": true,
                  "fail": false,
                  "pending": false,
                  "context": null,
                  "code": "agent.get('/api/skus')\n.then(function (res) {\n    res.should.have.status(expCode);\n    res.body.should.be.a('array');\n    res.body.length.should.be.eql(size);\n    let id = [];\n    if (size > 0) {\n        for (let i = 0; i < size; i++) {\n            id[i] = res.body[i].id;\n            res.body[i].description.should.equal(sku[i].description);\n            res.body[i].weight.should.equal(sku[i].weight);\n            res.body[i].volume.should.equal(sku[i].volume);\n            res.body[i].notes.should.equal(sku[i].notes);\n            res.body[i].availableQuantity.should.equal(sku[i].availableQuantity);\n            res.body[i].price.should.equal(sku[i].price);\n        }\n        ids.setIdSku(id);\n    }             \n    done();\n}).catch(err=>done(err));",
                  "err": {},
                  "uuid": "6698d7f2-1223-4a74-a6f2-b7a40e63acbe",
                  "parentUUID": "1c00755e-bf2d-4066-b592-5701158dfaf1",
                  "isHook": false,
                  "skipped": false
                }
              ],
              "suites": [],
              "passes": [
                "6698d7f2-1223-4a74-a6f2-b7a40e63acbe"
              ],
              "failures": [],
              "pending": [],
              "skipped": [],
              "duration": 5,
              "root": false,
              "rootEmpty": false,
              "_timeout": 30000
            },
            {
              "uuid": "07302e8e-26d6-4b55-8157-ae9e70f75c75",
              "title": " post /api/newUser",
              "fullFile": "C:\\Users\\shado\\OneDrive\\Documents\\Magistrale\\lm\\se\\proj\\group38\\EzWh\\code\\server\\acceptanceTest\\testEzWhAPI.js",
              "file": "\\acceptanceTest\\testEzWhAPI.js",
              "beforeHooks": [],
              "afterHooks": [],
              "tests": [
                {
                  "title": "FR 1.1 a -> Define a new user",
                  "fullTitle": "Test CR1 RestockOrder  post /api/newUser FR 1.1 a -> Define a new user",
                  "timedOut": false,
                  "duration": 15,
                  "state": "passed",
                  "speed": "fast",
                  "pass": true,
                  "fail": false,
                  "pending": false,
                  "context": null,
                  "code": "agent.post('/api/newUser')\n.send(myuser)\n.then(function(res){\n    res.should.have.status(expCode);\n    done();\n}).catch(err=>done(err));",
                  "err": {},
                  "uuid": "a416d766-a775-4884-aae5-25a2b0a99970",
                  "parentUUID": "07302e8e-26d6-4b55-8157-ae9e70f75c75",
                  "isHook": false,
                  "skipped": false
                }
              ],
              "suites": [],
              "passes": [
                "a416d766-a775-4884-aae5-25a2b0a99970"
              ],
              "failures": [],
              "pending": [],
              "skipped": [],
              "duration": 15,
              "root": false,
              "rootEmpty": false,
              "_timeout": 30000
            },
            {
              "uuid": "59f868f9-4cde-4b6b-997c-c6008418da72",
              "title": " post /api/newUser",
              "fullFile": "C:\\Users\\shado\\OneDrive\\Documents\\Magistrale\\lm\\se\\proj\\group38\\EzWh\\code\\server\\acceptanceTest\\testEzWhAPI.js",
              "file": "\\acceptanceTest\\testEzWhAPI.js",
              "beforeHooks": [],
              "afterHooks": [],
              "tests": [
                {
                  "title": "FR 1.1 a -> Define a new user",
                  "fullTitle": "Test CR1 RestockOrder  post /api/newUser FR 1.1 a -> Define a new user",
                  "timedOut": false,
                  "duration": 15,
                  "state": "passed",
                  "speed": "fast",
                  "pass": true,
                  "fail": false,
                  "pending": false,
                  "context": null,
                  "code": "agent.post('/api/newUser')\n.send(myuser)\n.then(function(res){\n    res.should.have.status(expCode);\n    done();\n}).catch(err=>done(err));",
                  "err": {},
                  "uuid": "282975fc-1c1f-4295-915d-80e74dfd21b2",
                  "parentUUID": "59f868f9-4cde-4b6b-997c-c6008418da72",
                  "isHook": false,
                  "skipped": false
                }
              ],
              "suites": [],
              "passes": [
                "282975fc-1c1f-4295-915d-80e74dfd21b2"
              ],
              "failures": [],
              "pending": [],
              "skipped": [],
              "duration": 15,
              "root": false,
              "rootEmpty": false,
              "_timeout": 30000
            },
            {
              "uuid": "a97f7d51-9ec7-43ca-b2b2-8380457ba6ee",
              "title": "post /api/skuitem/",
              "fullFile": "C:\\Users\\shado\\OneDrive\\Documents\\Magistrale\\lm\\se\\proj\\group38\\EzWh\\code\\server\\acceptanceTest\\testEzWhAPI.js",
              "file": "\\acceptanceTest\\testEzWhAPI.js",
              "beforeHooks": [],
              "afterHooks": [],
              "tests": [
                {
                  "title": "Adding skuitem details",
                  "fullTitle": "Test CR1 RestockOrder post /api/skuitem/ Adding skuitem details",
                  "timedOut": false,
                  "duration": 16,
                  "state": "passed",
                  "speed": "fast",
                  "pass": true,
                  "fail": false,
                  "pending": false,
                  "context": null,
                  "code": "let id = ids.getIdSku();\nlet skuitem;\nif(myskuitem.SKUId > id.length || myskuitem.SKUId === null){\n    skuitem = newSkuItem(myskuitem.RFID, myskuitem.SKUId , myskuitem.DateOfStock); \n}\nelse{\n    skuitem = newSkuItem(myskuitem.RFID, id[myskuitem.SKUId] , myskuitem.DateOfStock);\n}\nagent.post('/api/skuitem/')\n.send(skuitem)\n.then(function (res) {\n    res.should.have.status(expCode);\n    done();\n}).catch(err=>done(err));",
                  "err": {},
                  "uuid": "e4ba8421-2080-4119-8a3d-b7f4fd0322d2",
                  "parentUUID": "a97f7d51-9ec7-43ca-b2b2-8380457ba6ee",
                  "isHook": false,
                  "skipped": false
                }
              ],
              "suites": [],
              "passes": [
                "e4ba8421-2080-4119-8a3d-b7f4fd0322d2"
              ],
              "failures": [],
              "pending": [],
              "skipped": [],
              "duration": 16,
              "root": false,
              "rootEmpty": false,
              "_timeout": 30000
            },
            {
              "uuid": "7b4d72d1-c778-44e8-9c50-78f2fde691f8",
              "title": "post /api/skuitem/",
              "fullFile": "C:\\Users\\shado\\OneDrive\\Documents\\Magistrale\\lm\\se\\proj\\group38\\EzWh\\code\\server\\acceptanceTest\\testEzWhAPI.js",
              "file": "\\acceptanceTest\\testEzWhAPI.js",
              "beforeHooks": [],
              "afterHooks": [],
              "tests": [
                {
                  "title": "Adding skuitem details",
                  "fullTitle": "Test CR1 RestockOrder post /api/skuitem/ Adding skuitem details",
                  "timedOut": false,
                  "duration": 21,
                  "state": "passed",
                  "speed": "fast",
                  "pass": true,
                  "fail": false,
                  "pending": false,
                  "context": null,
                  "code": "let id = ids.getIdSku();\nlet skuitem;\nif(myskuitem.SKUId > id.length || myskuitem.SKUId === null){\n    skuitem = newSkuItem(myskuitem.RFID, myskuitem.SKUId , myskuitem.DateOfStock); \n}\nelse{\n    skuitem = newSkuItem(myskuitem.RFID, id[myskuitem.SKUId] , myskuitem.DateOfStock);\n}\nagent.post('/api/skuitem/')\n.send(skuitem)\n.then(function (res) {\n    res.should.have.status(expCode);\n    done();\n}).catch(err=>done(err));",
                  "err": {},
                  "uuid": "db318219-25c0-4d82-8833-2a339649a669",
                  "parentUUID": "7b4d72d1-c778-44e8-9c50-78f2fde691f8",
                  "isHook": false,
                  "skipped": false
                }
              ],
              "suites": [],
              "passes": [
                "db318219-25c0-4d82-8833-2a339649a669"
              ],
              "failures": [],
              "pending": [],
              "skipped": [],
              "duration": 21,
              "root": false,
              "rootEmpty": false,
              "_timeout": 30000
            },
            {
              "uuid": "aa32a03e-f309-4f42-8a99-c1360b99140e",
              "title": " get /api/suppliers",
              "fullFile": "C:\\Users\\shado\\OneDrive\\Documents\\Magistrale\\lm\\se\\proj\\group38\\EzWh\\code\\server\\acceptanceTest\\testEzWhAPI.js",
              "file": "\\acceptanceTest\\testEzWhAPI.js",
              "beforeHooks": [],
              "afterHooks": [],
              "tests": [
                {
                  "title": " get all suppliers",
                  "fullTitle": "Test CR1 RestockOrder  get /api/suppliers  get all suppliers",
                  "timedOut": false,
                  "duration": 3,
                  "state": "passed",
                  "speed": "fast",
                  "pass": true,
                  "fail": false,
                  "pending": false,
                  "context": null,
                  "code": "let idsupp = [];\nagent.get('/api/suppliers')\n.then(function(res){\n    for(let i=0; i<res.body.length; i++){\n        idsupp[i] = res.body[i].id;\n    }\n    ids.setIdSuppliers(idsupp);\n    //console.log(res.body);\n    done();\n}).catch(err=>done(err));",
                  "err": {},
                  "uuid": "43c247ca-ecf9-45c1-a4f4-6e0d0457e88f",
                  "parentUUID": "aa32a03e-f309-4f42-8a99-c1360b99140e",
                  "isHook": false,
                  "skipped": false
                }
              ],
              "suites": [],
              "passes": [
                "43c247ca-ecf9-45c1-a4f4-6e0d0457e88f"
              ],
              "failures": [],
              "pending": [],
              "skipped": [],
              "duration": 3,
              "root": false,
              "rootEmpty": false,
              "_timeout": 30000
            },
            {
              "uuid": "5c697914-a379-46f8-b956-42cf8cfd1605",
              "title": "Removing all Items",
              "fullFile": "C:\\Users\\shado\\OneDrive\\Documents\\Magistrale\\lm\\se\\proj\\group38\\EzWh\\code\\server\\acceptanceTest\\testEzWhAPI.js",
              "file": "\\acceptanceTest\\testEzWhAPI.js",
              "beforeHooks": [],
              "afterHooks": [],
              "tests": [
                {
                  "title": "get /api/items/",
                  "fullTitle": "Test CR1 RestockOrder Removing all Items get /api/items/",
                  "timedOut": false,
                  "duration": 3,
                  "state": "passed",
                  "speed": "fast",
                  "pass": true,
                  "fail": false,
                  "pending": false,
                  "context": null,
                  "code": "const res = await agent.get('/api/items');\nconsole.log(res.body);\nres.should.have.status(200);\nif(res.body.length !==0) {\n    let res2;\n    for (let i = 0; i< res.body.length; i++){\n        res2 = await\n        agent.delete('/api/items/'+res.body[i].id+'/'+res.body[i].supplierId);\n        res2.should.have.status(204);\n        console.log(\"Deleted \" + res.body[i].id + \" by supplier \"+ res.body[i].supplierId);\n    }\n}",
                  "err": {},
                  "uuid": "ea35df9a-c44f-49b4-bb58-087b3000e308",
                  "parentUUID": "5c697914-a379-46f8-b956-42cf8cfd1605",
                  "isHook": false,
                  "skipped": false
                }
              ],
              "suites": [],
              "passes": [
                "ea35df9a-c44f-49b4-bb58-087b3000e308"
              ],
              "failures": [],
              "pending": [],
              "skipped": [],
              "duration": 3,
[...]
                      "err": {},
                      "uuid": "3bfb51e8-d8f4-4e77-8529-17d80fae8019",
                      "parentUUID": "1a7a00ba-fa99-4b42-81f2-197b640a9e46",
                      "isHook": false,
                      "skipped": false
                    }
                  ],
                  "suites": [],
                  "passes": [
                    "3bfb51e8-d8f4-4e77-8529-17d80fae8019"
                  ],
                  "failures": [],
                  "pending": [],
                  "skipped": [],
                  "duration": 26,
                  "root": false,
                  "rootEmpty": false,
                  "_timeout": 30000
                },
                {
                  "uuid": "b4a9d85a-9406-497b-9e00-76a468822dac",
                  "title": " get /api/restockOrders",
                  "fullFile": "C:\\Users\\shado\\OneDrive\\Documents\\Magistrale\\lm\\se\\proj\\group38\\EzWh\\code\\server\\acceptanceTest\\testEzWhAPI.js",
                  "file": "\\acceptanceTest\\testEzWhAPI.js",
                  "beforeHooks": [],
                  "afterHooks": [],
                  "tests": [
                    {
                      "title": " get all restock orders",
                      "fullTitle": "Testing Change1 requirements Test CR1 ReturnOrder  get /api/restockOrders  get all restock orders",
                      "timedOut": false,
                      "duration": 6,
                      "state": "passed",
                      "speed": "fast",
                      "pass": true,
                      "fail": false,
                      "pending": false,
                      "context": null,
                      "code": "agent.get('/api/restockOrders')\n.then(function(res){\n    res.should.have.status(expCode);\n    res.body.should.be.a('array');\n    let idsupp = ids.getIdSuppliers();\n    let idskus  = ids.getIdSku();\n    let idrestord = [];\n    res.body.length.should.be.eql(myrestocks.length);\n    for(let i = 0; i<res.body.length; i++){\n        idrestord[i] = res.body[i].id;\n        res.body[i].issueDate.should.equal(myrestocks[i].issueDate);\n        res.body[i].supplierId.should.equal(idsupp[myrestocks[i].supplierId]);\n        for(let j = 0; j<res.body[i].products.length; j++){\n            res.body[i].products[j].SKUId.should.equal(idskus[myrestocks[i].products[j].SKUId]);\n            res.body[i].products[j].itemId.should.equal(myrestocks[i].products[j].itemId);\n            res.body[i].products[j].description.should.equal(myrestocks[i].products[j].description);\n            res.body[i].products[j].price.should.equal(myrestocks[i].products[j].price);\n            res.body[i].products[j].qty.should.equal(myrestocks[i].products[j].qty);\n        }\n    }\n    ids.setIdRestockOrders(idrestord);\n    done();\n}).catch(err=>done(err));",
                      "err": {},
                      "uuid": "c1b1fe97-ebf2-4018-9bc5-e5fdd7f83dbc",
                      "parentUUID": "b4a9d85a-9406-497b-9e00-76a468822dac",
                      "isHook": false,
                      "skipped": false
                    }
                  ],
                  "suites": [],
                  "passes": [
                    "c1b1fe97-ebf2-4018-9bc5-e5fdd7f83dbc"
                  ],
                  "failures": [],
                  "pending": [],
                  "skipped": [],
                  "duration": 6,
                  "root": false,
                  "rootEmpty": false,
                  "_timeout": 30000
                },
                {
                  "uuid": "76ec2dfa-4358-49d8-bac2-241f36e616b9",
                  "title": " get /api/restockOrderIssued",
                  "fullFile": "C:\\Users\\shado\\OneDrive\\Documents\\Magistrale\\lm\\se\\proj\\group38\\EzWh\\code\\server\\acceptanceTest\\testEzWhAPI.js",
                  "file": "\\acceptanceTest\\testEzWhAPI.js",
                  "beforeHooks": [],
                  "afterHooks": [],
                  "tests": [
                    {
                      "title": " get all restock order issued",
                      "fullTitle": "Testing Change1 requirements Test CR1 ReturnOrder  get /api/restockOrderIssued  get all restock order issued",
                      "timedOut": false,
                      "duration": 3,
                      "state": "passed",
                      "speed": "fast",
                      "pass": true,
                      "fail": false,
                      "pending": false,
                      "context": null,
                      "code": "agent.get('/api/restockOrdersIssued')\n.then(function(res){\n    let idrestord = [];\n    res.should.have.status(expCode);\n    res.body.should.be.a('array');\n    for(let i = 0; i<res.body.length; i++){\n        idrestord[i] = res.body[i].id;\n        res.body[i].state.should.equal(\"ISSUED\");\n    }\n    ids.setIdRestockOrdersIssued(idrestord);\n    done();\n}).catch(err=>done(err));",
                      "err": {},
                      "uuid": "36831c0a-1806-4446-a7bf-f767176e4abc",
                      "parentUUID": "76ec2dfa-4358-49d8-bac2-241f36e616b9",
                      "isHook": false,
                      "skipped": false
                    }
                  ],
                  "suites": [],
                  "passes": [
                    "36831c0a-1806-4446-a7bf-f767176e4abc"
                  ],
                  "failures": [],
                  "pending": [],
                  "skipped": [],
                  "duration": 3,
                  "root": false,
                  "rootEmpty": false,
                  "_timeout": 30000
                },
                {
                  "uuid": "3cd4e04f-258b-432a-aab8-2afc8faa838f",
                  "title": " post /api/returnOrder",
                  "fullFile": "C:\\Users\\shado\\OneDrive\\Documents\\Magistrale\\lm\\se\\proj\\group38\\EzWh\\code\\server\\acceptanceTest\\testEzWhAPI.js",
                  "file": "\\acceptanceTest\\testEzWhAPI.js",
                  "beforeHooks": [],
                  "afterHooks": [],
                  "tests": [
                    {
                      "title": " Create a return order",
                      "fullTitle": "Testing Change1 requirements Test CR1 ReturnOrder  post /api/returnOrder  Create a return order",
                      "timedOut": false,
                      "duration": 14,
                      "state": "passed",
                      "speed": "fast",
                      "pass": true,
                      "fail": false,
                      "pending": false,
                      "context": null,
                      "code": "let idroid = ids.getIdRestockOrdersIssued();\nlet idskus = ids.getIdSku();\nlet currentProducts = [];\nlet currentProductswithrfid = [];\nlet restordid;\nif(myretord.restockOrderId === null || myretord.restockOrderId > idroid.length){\n    restordid = myretord.restockOrderId;\n}\nelse{\n    restordid = idroid[myretord.restockOrderId];\n}\nfor(let i=0; i<myretord.products.length ; i++){\n    currentProducts[i] = newrestockorders.newProduct(idskus[myretord.products[i].SKUId], myretord.products[i].itemId, myretord.products[i].description, myretord.products[i].price, myretord.products[i].qty );\n    currentProductswithrfid[i] = newProductwithRFID(currentProducts[i], myretord.products[i].RFID);\n}\nconsole.log(currentProducts);\nlet retord = newReturnOrder(myretord.returnDate, currentProductswithrfid, restordid);\nagent.post('/api/returnOrder')\n.send(retord)\n.then(function(res){\n    console.log(res.body);\n    console.log(retord);\n    res.should.have.status(expCode);\n    done();\n}).catch(err=>done(err));",
                      "err": {},
                      "uuid": "153fbf79-c2fa-4fca-bd65-b161b73bff22",
                      "parentUUID": "3cd4e04f-258b-432a-aab8-2afc8faa838f",
                      "isHook": false,
                      "skipped": false
                    }
                  ],
                  "suites": [],
                  "passes": [
                    "153fbf79-c2fa-4fca-bd65-b161b73bff22"
                  ],
                  "failures": [],
                  "pending": [],
                  "skipped": [],
                  "duration": 14,
                  "root": false,
                  "rootEmpty": false,
                  "_timeout": 30000
                },
                {
                  "uuid": "02041feb-abdb-4b69-af0d-7d7f47ec31ba",
                  "title": " post /api/returnOrder",
                  "fullFile": "C:\\Users\\shado\\OneDrive\\Documents\\Magistrale\\lm\\se\\proj\\group38\\EzWh\\code\\server\\acceptanceTest\\testEzWhAPI.js",
                  "file": "\\acceptanceTest\\testEzWhAPI.js",
                  "beforeHooks": [],
                  "afterHooks": [],
                  "tests": [
                    {
                      "title": " Create a return order",
                      "fullTitle": "Testing Change1 requirements Test CR1 ReturnOrder  post /api/returnOrder  Create a return order",
                      "timedOut": false,
                      "duration": 15,
                      "state": "passed",
                      "speed": "fast",
                      "pass": true,
                      "fail": false,
                      "pending": false,
                      "context": null,
                      "code": "let idroid = ids.getIdRestockOrdersIssued();\nlet idskus = ids.getIdSku();\nlet currentProducts = [];\nlet currentProductswithrfid = [];\nlet restordid;\nif(myretord.restockOrderId === null || myretord.restockOrderId > idroid.length){\n    restordid = myretord.restockOrderId;\n}\nelse{\n    restordid = idroid[myretord.restockOrderId];\n}\nfor(let i=0; i<myretord.products.length ; i++){\n    currentProducts[i] = newrestockorders.newProduct(idskus[myretord.products[i].SKUId], myretord.products[i].itemId, myretord.products[i].description, myretord.products[i].price, myretord.products[i].qty );\n    currentProductswithrfid[i] = newProductwithRFID(currentProducts[i], myretord.products[i].RFID);\n}\nconsole.log(currentProducts);\nlet retord = newReturnOrder(myretord.returnDate, currentProductswithrfid, restordid);\nagent.post('/api/returnOrder')\n.send(retord)\n.then(function(res){\n    console.log(res.body);\n    console.log(retord);\n    res.should.have.status(expCode);\n    done();\n}).catch(err=>done(err));",
                      "err": {},
                      "uuid": "476a015b-639b-48cf-853f-3215f125b673",
                      "parentUUID": "02041feb-abdb-4b69-af0d-7d7f47ec31ba",
                      "isHook": false,
                      "skipped": false
                    }
                  ],
                  "suites": [],
                  "passes": [
                    "476a015b-639b-48cf-853f-3215f125b673"
                  ],
                  "failures": [],
                  "pending": [],
                  "skipped": [],
                  "duration": 15,
                  "root": false,
                  "rootEmpty": false,
                  "_timeout": 30000
                },
                {
                  "uuid": "d20abd58-c61f-493b-be31-1b6998ea9d4f",
                  "title": " post /api/returnOrder",
                  "fullFile": "C:\\Users\\shado\\OneDrive\\Documents\\Magistrale\\lm\\se\\proj\\group38\\EzWh\\code\\server\\acceptanceTest\\testEzWhAPI.js",
                  "file": "\\acceptanceTest\\testEzWhAPI.js",
                  "beforeHooks": [],
                  "afterHooks": [],
                  "tests": [
                    {
                      "title": " Create a return order",
                      "fullTitle": "Testing Change1 requirements Test CR1 ReturnOrder  post /api/returnOrder  Create a return order",
                      "timedOut": false,
                      "duration": 5,
                      "state": "passed",
                      "speed": "fast",
                      "pass": true,
                      "fail": false,
                      "pending": false,
                      "context": null,
                      "code": "agent.post('/api/returnOrder')\n.send(myretord)\n.then(function(res){\n    //console.log(res);\n    //console.log(retord);\n    res.should.have.status(expCode);\n    done();\n}).catch(err=>done(err));",
                      "err": {},
                      "uuid": "e52a8d3f-af2d-4fcb-b8b7-58b0f8c359b2",
                      "parentUUID": "d20abd58-c61f-493b-be31-1b6998ea9d4f",
                      "isHook": false,
                      "skipped": false
                    }
                  ],
                  "suites": [],
                  "passes": [
                    "e52a8d3f-af2d-4fcb-b8b7-58b0f8c359b2"
                  ],
                  "failures": [],
                  "pending": [],
                  "skipped": [],
                  "duration": 5,
                  "root": false,
                  "rootEmpty": false,
                  "_timeout": 30000
                },
                {
                  "uuid": "545575dd-e5e3-4bde-8567-6b604530e6e2",
                  "title": " get /api/returnOrders",
                  "fullFile": "C:\\Users\\shado\\OneDrive\\Documents\\Magistrale\\lm\\se\\proj\\group38\\EzWh\\code\\server\\acceptanceTest\\testEzWhAPI.js",
                  "file": "\\acceptanceTest\\testEzWhAPI.js",
                  "beforeHooks": [],
                  "afterHooks": [],
                  "tests": [
                    {
                      "title": " get all return orders",
                      "fullTitle": "Testing Change1 requirements Test CR1 ReturnOrder  get /api/returnOrders  get all return orders",
                      "timedOut": false,
                      "duration": 3,
                      "state": "passed",
                      "speed": "fast",
                      "pass": true,
                      "fail": false,
                      "pending": false,
                      "context": null,
                      "code": "agent.get('/api/returnOrders')\n.then(function(res){\n    //console.log(res.body);\n    res.should.have.status(expCode);\n    res.body.should.be.a('array');\n    let idrestockorders = ids.getIdRestockOrdersIssued();\n    let idretord = [];\n    let idskus  = ids.getIdSku();\n    res.body.length.should.be.eql(myretord.length);\n    for(let i = 0; i<res.body.length; i++){\n        idretord[i] = res.body[i].id;\n        res.body[i].returnDate.should.equal(myretord[i].returnDate);\n        res.body[i].restockOrderId.should.equal(idrestockorders[myretord[i].restockOrderId]);\n        for(let j = 0; j<res.body[i].products.length; j++){\n            res.body[i].products[j].SKUId.should.equal(idskus[myretord[i].products[j].SKUId]);\n            res.body[i].products[j].itemId.should.equal(myretord[i].products[j].itemId);\n            res.body[i].products[j].description.should.equal(myretord[i].products[j].description);\n            res.body[i].products[j].price.should.equal(myretord[i].products[j].price);\n            res.body[i].products[j].RFID.should.equal(myretord[i].products[j].RFID);\n        }\n    }\n    ids.setIdReturnOrders(idretord);\n    done();\n}).catch(err=>done(err));",
                      "err": {},
                      "uuid": "59554a74-20e0-4b23-bdab-e303c6fea0e8",
                      "parentUUID": "545575dd-e5e3-4bde-8567-6b604530e6e2",
                      "isHook": false,
                      "skipped": false
                    }
                  ],
                  "suites": [],
                  "passes": [
                    "59554a74-20e0-4b23-bdab-e303c6fea0e8"
                  ],
                  "failures": [],
                  "pending": [],
                  "skipped": [],
                  "duration": 3,
                  "root": false,
                  "rootEmpty": false,
                  "_timeout": 30000
                },
                {
                  "uuid": "037cd529-db0e-4113-910a-b10fab6d3755",
                  "title": " get /api/returnOrders/:id",
                  "fullFile": "C:\\Users\\shado\\OneDrive\\Documents\\Magistrale\\lm\\se\\proj\\group38\\EzWh\\code\\server\\acceptanceTest\\testEzWhAPI.js",
                  "file": "\\acceptanceTest\\testEzWhAPI.js",
                  "beforeHooks": [],
                  "afterHooks": [],
                  "tests": [
                    {
                      "title": " get return order by id",
                      "fullTitle": "Testing Change1 requirements Test CR1 ReturnOrder  get /api/returnOrders/:id  get return order by id",
                      "timedOut": false,
                      "duration": 6,
                      "state": "passed",
                      "speed": "fast",
                      "pass": true,
                      "fail": false,
                      "pending": false,
                      "context": null,
                      "code": "let idsret = ids.getIdReturnOrders();\nlet idskus  = ids.getIdSku();\n//console.log(idsret[id]);\nagent.get('/api/returnOrders/'+idsret[id])\n.then(function(res){\n    res.should.have.status(expCode);\n    res.body.returnDate.should.equal(myretord.returnDate);\n    for(let j = 0; j < res.body.products.length; j++){\n        res.body.products[j].SKUId.should.equal(idskus[myretord.products[j].SKUId]);\n        res.body.products[j].itemId.should.equal(myretord.products[j].itemId);\n        res.body.products[j].description.should.equal(myretord.products[j].description);\n        res.body.products[j].price.should.equal(myretord.products[j].price);\n        res.body.products[j].RFID.should.equal(myretord.products[j].RFID);\n    }\n    done();\n}).catch(err=>done(err));",
                      "err": {},
                      "uuid": "8d784d4f-7f4a-40fd-bd77-b6f8e6b30761",
                      "parentUUID": "037cd529-db0e-4113-910a-b10fab6d3755",
                      "isHook": false,
                      "skipped": false
                    }
                  ],
                  "suites": [],
                  "passes": [
                    "8d784d4f-7f4a-40fd-bd77-b6f8e6b30761"
                  ],
                  "failures": [],
                  "pending": [],
                  "skipped": [],
                  "duration": 6,
                  "root": false,
                  "rootEmpty": false,
                  "_timeout": 30000
                }
              ],
              "passes": [],
              "failures": [],
              "pending": [],
              "skipped": [],
              "duration": 0,
              "root": false,
              "rootEmpty": false,
              "_timeout": 30000
            }
          ],
          "passes": [],
          "failures": [],
          "pending": [],
          "skipped": [],
          "duration": 0,
          "root": false,
          "rootEmpty": false,
          "_timeout": 30000
        }
      ],
      "passes": [],
      "failures": [],
      "pending": [],
      "skipped": [],
      "duration": 0,
      "root": true,
      "rootEmpty": true,
      "_timeout": 30000
    }
  ],
  "meta": {
    "mocha": {
      "version": "9.2.2"
    },
    "mochawesome": {
      "options": {
        "quiet": false,
        "reportFilename": "mochawesome",
        "saveHtml": true,
        "saveJson": true,
        "consoleReporter": "spec",
        "useInlineDiffs": false,
        "code": true
      },
      "version": "7.1.3"
    },
    "marge": {
      "options": null,
      "version": "6.2.0"
    }
  }
}